[2022-11-25 10:25:26,661] {taskinstance.py:1160} INFO - Dependencies all met for <TaskInstance: GFA_Data_Engineering_Exam_dag02_ETL_pipeline_airports.load manual__2022-11-25T10:25:12.652580+00:00 [queued]>
[2022-11-25 10:25:26,672] {taskinstance.py:1160} INFO - Dependencies all met for <TaskInstance: GFA_Data_Engineering_Exam_dag02_ETL_pipeline_airports.load manual__2022-11-25T10:25:12.652580+00:00 [queued]>
[2022-11-25 10:25:26,672] {taskinstance.py:1357} INFO - 
--------------------------------------------------------------------------------
[2022-11-25 10:25:26,673] {taskinstance.py:1358} INFO - Starting attempt 1 of 1
[2022-11-25 10:25:26,674] {taskinstance.py:1359} INFO - 
--------------------------------------------------------------------------------
[2022-11-25 10:25:26,688] {taskinstance.py:1378} INFO - Executing <Task(PythonOperator): load> on 2022-11-25 10:25:12.652580+00:00
[2022-11-25 10:25:26,694] {standard_task_runner.py:52} INFO - Started process 9351 to run task
[2022-11-25 10:25:26,697] {standard_task_runner.py:79} INFO - Running: ['***', 'tasks', 'run', 'GFA_Data_Engineering_Exam_dag02_ETL_pipeline_airports', 'load', 'manual__2022-11-25T10:25:12.652580+00:00', '--job-id', '97', '--raw', '--subdir', 'DAGS_FOLDER/MichalisKaratsioris_dag02.py', '--cfg-path', '/tmp/tmprkqt9mgp', '--error-file', '/tmp/tmpcgnlp94q']
[2022-11-25 10:25:26,698] {standard_task_runner.py:80} INFO - Job 97: Subtask load
[2022-11-25 10:25:26,755] {task_command.py:370} INFO - Running <TaskInstance: GFA_Data_Engineering_Exam_dag02_ETL_pipeline_airports.load manual__2022-11-25T10:25:12.652580+00:00 [running]> on host c78bb2381ec5
[2022-11-25 10:25:26,832] {taskinstance.py:1572} INFO - Exporting the following env vars:
AIRFLOW_CTX_DAG_OWNER=***
AIRFLOW_CTX_DAG_ID=GFA_Data_Engineering_Exam_dag02_ETL_pipeline_airports
AIRFLOW_CTX_TASK_ID=load
AIRFLOW_CTX_EXECUTION_DATE=2022-11-25T10:25:12.652580+00:00
AIRFLOW_CTX_TRY_NUMBER=1
AIRFLOW_CTX_DAG_RUN_ID=manual__2022-11-25T10:25:12.652580+00:00
[2022-11-25 10:25:27,160] {taskinstance.py:1890} ERROR - Task failed with exception
Traceback (most recent call last):
  File "/home/airflow/.local/lib/python3.7/site-packages/pandas/core/indexes/base.py", line 3361, in get_loc
    return self._engine.get_loc(casted_key)
  File "pandas/_libs/index.pyx", line 76, in pandas._libs.index.IndexEngine.get_loc
  File "pandas/_libs/index.pyx", line 108, in pandas._libs.index.IndexEngine.get_loc
  File "pandas/_libs/hashtable_class_helper.pxi", line 5198, in pandas._libs.hashtable.PyObjectHashTable.get_item
  File "pandas/_libs/hashtable_class_helper.pxi", line 5206, in pandas._libs.hashtable.PyObjectHashTable.get_item
KeyError: 'elevation_ft'

The above exception was the direct cause of the following exception:

Traceback (most recent call last):
  File "/home/airflow/.local/lib/python3.7/site-packages/airflow/operators/python.py", line 171, in execute
    return_value = self.execute_callable()
  File "/home/airflow/.local/lib/python3.7/site-packages/airflow/operators/python.py", line 189, in execute_callable
    return self.python_callable(*self.op_args, **self.op_kwargs)
  File "/opt/airflow/dags/MichalisKaratsioris_dag02.py", line 42, in _load
    df["elevation_ft"] = df["elevation_ft"].astype(int)
  File "/home/airflow/.local/lib/python3.7/site-packages/pandas/core/frame.py", line 3458, in __getitem__
    indexer = self.columns.get_loc(key)
  File "/home/airflow/.local/lib/python3.7/site-packages/pandas/core/indexes/base.py", line 3363, in get_loc
    raise KeyError(key) from err
KeyError: 'elevation_ft'
[2022-11-25 10:25:27,184] {taskinstance.py:1401} INFO - Marking task as FAILED. dag_id=GFA_Data_Engineering_Exam_dag02_ETL_pipeline_airports, task_id=load, execution_date=20221125T102512, start_date=20221125T102526, end_date=20221125T102527
[2022-11-25 10:25:27,196] {standard_task_runner.py:97} ERROR - Failed to execute job 97 for task load ('elevation_ft'; 9351)
[2022-11-25 10:25:27,233] {local_task_job.py:156} INFO - Task exited with return code 1
[2022-11-25 10:25:27,281] {local_task_job.py:273} INFO - 0 downstream tasks scheduled from follow-on schedule check
